0xc52d44abA4B7739173821afF175aEb53367E629E = Curve ZUSDFBP3CRV-f Factory

2026-01-16T02:25:16.179592683Z APY_TRACE scope=forward.convex chain=1 vault=0xc52d44abA4B7739173821afF175aEb53367E629E strategy=0x1161B0bA29a88F014f1c8C1aC94498926283aAE0 step=input.gaugeAddress value=0x218E4678318ab5527e41135713193E5EAd73337f
2026-01-16T02:25:16.179774065Z APY_TRACE scope=forward.convex chain=1 vault=0xc52d44abA4B7739173821afF175aEb53367E629E strategy=0x1161B0bA29a88F014f1c8C1aC94498926283aAE0 step=input.baseAssetPrice value=0.018355142896898657
2026-01-16T02:25:16.179814591Z APY_TRACE scope=forward.convex chain=1 vault=0xc52d44abA4B7739173821afF175aEb53367E629E strategy=0x1161B0bA29a88F014f1c8C1aC94498926283aAE0 step=input.poolPrice value=1.0110440176923634
2026-01-16T02:25:16.179830221Z APY_TRACE scope=forward.convex chain=1 vault=0xc52d44abA4B7739173821afF175aEb53367E629E strategy=0x1161B0bA29a88F014f1c8C1aC94498926283aAE0 step=input.baseAPY value=3.851825336994172
2026-01-16T02:25:16.17984055Z APY_TRACE scope=forward.convex chain=1 vault=0xc52d44abA4B7739173821afF175aEb53367E629E strategy=0x1161B0bA29a88F014f1c8C1aC94498926283aAE0 step=input.rewardAPY value=0
2026-01-16T02:25:16.179852763Z APY_TRACE scope=forward.convex chain=1 vault=0xc52d44abA4B7739173821afF175aEb53367E629E strategy=0x1161B0bA29a88F014f1c8C1aC94498926283aAE0 step=input.poolWeeklyAPY value=0.0001
2026-01-16T02:25:16.23280686Z APY_TRACE scope=forward.convex chain=1 vault=0xc52d44abA4B7739173821afF175aEb53367E629E strategy=0x1161B0bA29a88F014f1c8C1aC94498926283aAE0 step=cvxBoost value=2.063936749763785
2026-01-16T02:25:16.232904374Z APY_TRACE scope=forward.convex chain=1 vault=0xc52d44abA4B7739173821afF175aEb53367E629E strategy=0x1161B0bA29a88F014f1c8C1aC94498926283aAE0 step=keepCrv value=0
2026-01-16T02:25:16.232923109Z APY_TRACE scope=forward.convex chain=1 vault=0xc52d44abA4B7739173821afF175aEb53367E629E strategy=0x1161B0bA29a88F014f1c8C1aC94498926283aAE0 step=debtRatio value=0.8
2026-01-16T02:25:16.232937406Z APY_TRACE scope=forward.convex chain=1 vault=0xc52d44abA4B7739173821afF175aEb53367E629E strategy=0x1161B0bA29a88F014f1c8C1aC94498926283aAE0 step=vaultPerformanceFee value=0.1
2026-01-16T02:25:16.232950491Z APY_TRACE scope=forward.convex chain=1 vault=0xc52d44abA4B7739173821afF175aEb53367E629E strategy=0x1161B0bA29a88F014f1c8C1aC94498926283aAE0 step=vaultManagementFee value=0
2026-01-16T02:25:16.232958766Z APY_TRACE scope=forward.convex chain=1 vault=0xc52d44abA4B7739173821afF175aEb53367E629E strategy=0x1161B0bA29a88F014f1c8C1aC94498926283aAE0 step=oneMinusPerfFee value=0.9
2026-01-16T02:25:16.23297156Z APY_TRACE scope=forward.convex.cvxPool chain=1 vault=0xc52d44abA4B7739173821afF175aEb53367E629E strategy=0x1161B0bA29a88F014f1c8C1aC94498926283aAE0 step=input.virtualPoolPrice value=0.018355142896898657
2026-01-16T02:25:16.309182083Z APY_TRACE scope=forward.convex.cvxPool chain=1 vault=0xc52d44abA4B7739173821afF175aEb53367E629E strategy=0x1161B0bA29a88F014f1c8C1aC94498926283aAE0 step=fraxBaseStrategy.userVault value=0xAB919492C39263e97D4190b9bb0d2437D15EAcC9
2026-01-16T02:25:16.361947274Z APY_TRACE scope=forward.convex.cvxPool chain=1 vault=0xc52d44abA4B7739173821afF175aEb53367E629E strategy=0x1161B0bA29a88F014f1c8C1aC94498926283aAE0 step=userVault.stakingToken value=0xFD2d7847E0f450d8B00d3D697D720C687E622a7B
2026-01-16T02:25:16.403605338Z APY_TRACE scope=forward.convex.cvxPool chain=1 vault=0xc52d44abA4B7739173821afF175aEb53367E629E strategy=0x1161B0bA29a88F014f1c8C1aC94498926283aAE0 step=stakingToken.cvxPoolId value=196
2026-01-16T02:25:16.403746113Z APY_TRACE scope=forward.convex.cvxPool chain=1 vault=0xc52d44abA4B7739173821afF175aEb53367E629E strategy=0x1161B0bA29a88F014f1c8C1aC94498926283aAE0 step=rewardPID value=196
2026-01-16T02:25:16.460728901Z APY_TRACE scope=forward.convex.cvxPool chain=1 vault=0xc52d44abA4B7739173821afF175aEb53367E629E strategy=0x1161B0bA29a88F014f1c8C1aC94498926283aAE0 step=poolInfo.crvRewards value=0xFd3A7636694259b32B3896f59436997AD25380cA
2026-01-16T02:25:16.542193862Z APY_TRACE scope=forward.convex.cvxPool chain=1 vault=0xc52d44abA4B7739173821afF175aEb53367E629E strategy=0x1161B0bA29a88F014f1c8C1aC94498926283aAE0 step=rewardRateRaw value=45048708159937
2026-01-16T02:25:16.542301134Z APY_TRACE scope=forward.convex.cvxPool chain=1 vault=0xc52d44abA4B7739173821afF175aEb53367E629E strategy=0x1161B0bA29a88F014f1c8C1aC94498926283aAE0 step=totalSupplyRaw value=317120356635973553634
2026-01-16T02:25:16.54233596Z APY_TRACE scope=forward.convex.cvxPool chain=1 vault=0xc52d44abA4B7739173821afF175aEb53367E629E strategy=0x1161B0bA29a88F014f1c8C1aC94498926283aAE0 step=rewardRate value=4.5048708159937e-05
2026-01-16T02:25:16.542351369Z APY_TRACE scope=forward.convex.cvxPool chain=1 vault=0xc52d44abA4B7739173821afF175aEb53367E629E strategy=0x1161B0bA29a88F014f1c8C1aC94498926283aAE0 step=totalSupply value=317.12035663597356
2026-01-16T02:25:16.542364133Z APY_TRACE scope=forward.convex.cvxPool chain=1 vault=0xc52d44abA4B7739173821afF175aEb53367E629E strategy=0x1161B0bA29a88F014f1c8C1aC94498926283aAE0 step=virtualSupply value=5.820789461568759
2026-01-16T02:25:16.542377368Z APY_TRACE scope=forward.convex.cvxPool chain=1 vault=0xc52d44abA4B7739173821afF175aEb53367E629E strategy=0x1161B0bA29a88F014f1c8C1aC94498926283aAE0 step=crvPerUnderlying value=7.739278057962252e-06
2026-01-16T02:25:16.54238902Z APY_TRACE scope=forward.convex.cvxPool chain=1 vault=0xc52d44abA4B7739173821afF175aEb53367E629E strategy=0x1161B0bA29a88F014f1c8C1aC94498926283aAE0 step=crvPerUnderlyingPerYear value=244.06587283589755
2026-01-16T02:25:16.579662594Z APY_TRACE scope=forward.convex.cvxPool chain=1 vault=0xc52d44abA4B7739173821afF175aEb53367E629E strategy=0x1161B0bA29a88F014f1c8C1aC94498926283aAE0 step=cvxPerYear value=0.1322365676305354
2026-01-16T02:25:16.579759267Z APY_TRACE scope=forward.convex.cvxPool chain=1 vault=0xc52d44abA4B7739173821afF175aEb53367E629E strategy=0x1161B0bA29a88F014f1c8C1aC94498926283aAE0 step=crvPrice value=0.433265
2026-01-16T02:25:16.579785967Z APY_TRACE scope=forward.convex.cvxPool chain=1 vault=0xc52d44abA4B7739173821afF175aEb53367E629E strategy=0x1161B0bA29a88F014f1c8C1aC94498926283aAE0 step=cvxPrice value=2.019843
2026-01-16T02:25:16.579808569Z APY_TRACE scope=forward.convex.cvxPool chain=1 vault=0xc52d44abA4B7739173821afF175aEb53367E629E strategy=0x1161B0bA29a88F014f1c8C1aC94498926283aAE0 step=crvAPR value=105.74520039424516
2026-01-16T02:25:16.579823618Z APY_TRACE scope=forward.convex.cvxPool chain=1 vault=0xc52d44abA4B7739173821afF175aEb53367E629E strategy=0x1161B0bA29a88F014f1c8C1aC94498926283aAE0 step=cvxAPR value=0.2670971054725635
2026-01-16T02:25:16.579838366Z APY_TRACE scope=forward.convex.cvxPool chain=1 vault=0xc52d44abA4B7739173821afF175aEb53367E629E strategy=0x1161B0bA29a88F014f1c8C1aC94498926283aAE0 step=crvAPRFloat64 value=105.74520039424516
2026-01-16T02:25:16.579852081Z APY_TRACE scope=forward.convex.cvxPool chain=1 vault=0xc52d44abA4B7739173821afF175aEb53367E629E strategy=0x1161B0bA29a88F014f1c8C1aC94498926283aAE0 step=cvxAPRFloat64 value=0.2670971054725635
2026-01-16T02:25:16.579866779Z APY_TRACE scope=forward.convex.cvxPool chain=1 vault=0xc52d44abA4B7739173821afF175aEb53367E629E strategy=0x1161B0bA29a88F014f1c8C1aC94498926283aAE0 step=crvAPY value=105.74520039424516
2026-01-16T02:25:16.579880725Z APY_TRACE scope=forward.convex.cvxPool chain=1 vault=0xc52d44abA4B7739173821afF175aEb53367E629E strategy=0x1161B0bA29a88F014f1c8C1aC94498926283aAE0 step=cvxAPY value=0.2670971054725635
2026-01-16T02:25:16.579893359Z APY_TRACE scope=forward.convex.cvxPool chain=1 vault=0xc52d44abA4B7739173821afF175aEb53367E629E strategy=0x1161B0bA29a88F014f1c8C1aC94498926283aAE0 step=result.crvAPR value=105.74520039424516
2026-01-16T02:25:16.579915621Z APY_TRACE scope=forward.convex.cvxPool chain=1 vault=0xc52d44abA4B7739173821afF175aEb53367E629E strategy=0x1161B0bA29a88F014f1c8C1aC94498926283aAE0 step=result.cvxAPR value=0.2670971054725635
2026-01-16T02:25:16.57993082Z APY_TRACE scope=forward.convex.cvxPool chain=1 vault=0xc52d44abA4B7739173821afF175aEb53367E629E strategy=0x1161B0bA29a88F014f1c8C1aC94498926283aAE0 step=result.crvAPY value=105.74520039424516
2026-01-16T02:25:16.579947812Z APY_TRACE scope=forward.convex.cvxPool chain=1 vault=0xc52d44abA4B7739173821afF175aEb53367E629E strategy=0x1161B0bA29a88F014f1c8C1aC94498926283aAE0 step=result.cvxAPY value=0.2670971054725635
2026-01-16T02:25:16.579982637Z APY_TRACE scope=forward.convex chain=1 vault=0xc52d44abA4B7739173821afF175aEb53367E629E strategy=0x1161B0bA29a88F014f1c8C1aC94498926283aAE0 step=crvAPR value=105.74520039424516
2026-01-16T02:25:16.579995522Z APY_TRACE scope=forward.convex chain=1 vault=0xc52d44abA4B7739173821afF175aEb53367E629E strategy=0x1161B0bA29a88F014f1c8C1aC94498926283aAE0 step=cvxAPR value=0.2670971054725635
2026-01-16T02:25:16.580006863Z APY_TRACE scope=forward.convex chain=1 vault=0xc52d44abA4B7739173821afF175aEb53367E629E strategy=0x1161B0bA29a88F014f1c8C1aC94498926283aAE0 step=crvAPY value=105.74520039424516
2026-01-16T02:25:16.580016661Z APY_TRACE scope=forward.convex chain=1 vault=0xc52d44abA4B7739173821afF175aEb53367E629E strategy=0x1161B0bA29a88F014f1c8C1aC94498926283aAE0 step=cvxAPY value=0.2670971054725635
2026-01-16T02:25:16.896372183Z APY_TRACE scope=forward.convex chain=1 vault=0xc52d44abA4B7739173821afF175aEb53367E629E strategy=0x1161B0bA29a88F014f1c8C1aC94498926283aAE0 step=rewardsAPY value=0
2026-01-16T02:25:16.896471009Z APY_TRACE scope=forward.convex chain=1 vault=0xc52d44abA4B7739173821afF175aEb53367E629E strategy=0x1161B0bA29a88F014f1c8C1aC94498926283aAE0 step=keepCRVRatio value=1
2026-01-16T02:25:16.896500294Z APY_TRACE scope=forward.convex chain=1 vault=0xc52d44abA4B7739173821afF175aEb53367E629E strategy=0x1161B0bA29a88F014f1c8C1aC94498926283aAE0 step=grossAPY.afterKeepCRV value=105.74520039424516
2026-01-16T02:25:16.896538296Z APY_TRACE scope=forward.convex chain=1 vault=0xc52d44abA4B7739173821afF175aEb53367E629E strategy=0x1161B0bA29a88F014f1c8C1aC94498926283aAE0 step=grossAPY.afterRewards value=105.74520039424516
2026-01-16T02:25:16.896548675Z APY_TRACE scope=forward.convex chain=1 vault=0xc52d44abA4B7739173821afF175aEb53367E629E strategy=0x1161B0bA29a88F014f1c8C1aC94498926283aAE0 step=grossAPY.afterCvx value=106.01229749971772
2026-01-16T02:25:16.896560518Z APY_TRACE scope=forward.convex chain=1 vault=0xc52d44abA4B7739173821afF175aEb53367E629E strategy=0x1161B0bA29a88F014f1c8C1aC94498926283aAE0 step=netAPY.preMgmt value=95.41106774974595
2026-01-16T02:25:16.896573011Z APY_TRACE scope=forward.convex chain=1 vault=0xc52d44abA4B7739173821afF175aEb53367E629E strategy=0x1161B0bA29a88F014f1c8C1aC94498926283aAE0 step=netAPY.postMgmt value=95.41106774974595
2026-01-16T02:25:16.896581788Z APY_TRACE scope=forward.convex chain=1 vault=0xc52d44abA4B7739173821afF175aEb53367E629E strategy=0x1161B0bA29a88F014f1c8C1aC94498926283aAE0 step=netAPY.netAPRFloat64 value=95.41106774974595
2026-01-16T02:25:16.896593239Z APY_TRACE scope=forward.convex chain=1 vault=0xc52d44abA4B7739173821afF175aEb53367E629E strategy=0x1161B0bA29a88F014f1c8C1aC94498926283aAE0 step=netAPY.compounded value=3.3993111000835647e+23
2026-01-16T02:25:16.896602928Z APY_TRACE scope=forward.convex chain=1 vault=0xc52d44abA4B7739173821afF175aEb53367E629E strategy=0x1161B0bA29a88F014f1c8C1aC94498926283aAE0 step=netAPY.withPool value=3.3993111000835647e+23
2026-01-16T02:25:16.896615091Z APY_TRACE scope=forward.convex chain=1 vault=0xc52d44abA4B7739173821afF175aEb53367E629E strategy=0x1161B0bA29a88F014f1c8C1aC94498926283aAE0 step=result.netAPY value=3.3993111000835647e+23
2026-01-16T02:25:16.89662534Z APY_TRACE scope=forward.convex chain=1 vault=0xc52d44abA4B7739173821afF175aEb53367E629E strategy=0x1161B0bA29a88F014f1c8C1aC94498926283aAE0 step=result.netAPYWithDebtRatio value=2.7194488800668517e+23
2026-01-16T02:25:16.896635188Z APY_TRACE scope=forward.convex chain=1 vault=0xc52d44abA4B7739173821afF175aEb53367E629E strategy=0x1161B0bA29a88F014f1c8C1aC94498926283aAE0 step=result.boostWithDebtRatio value=1.651149399811028
2026-01-16T02:25:16.896647371Z APY_TRACE scope=forward.convex chain=1 vault=0xc52d44abA4B7739173821afF175aEb53367E629E strategy=0x1161B0bA29a88F014f1c8C1aC94498926283aAE0 step=result.poolAPYWithDebtRatio value=8e-05
2026-01-16T02:25:16.896661809Z APY_TRACE scope=forward.convex chain=1 vault=0xc52d44abA4B7739173821afF175aEb53367E629E strategy=0x1161B0bA29a88F014f1c8C1aC94498926283aAE0 step=result.boostedAPRWithDebtRatio value=84.59616031539613
2026-01-16T02:25:16.896709378Z APY_TRACE scope=forward.convex chain=1 vault=0xc52d44abA4B7739173821afF175aEb53367E629E strategy=0x1161B0bA29a88F014f1c8C1aC94498926283aAE0 step=result.baseAPRWithDebtRatio value=3.081460269595338
2026-01-16T02:25:16.89672634Z APY_TRACE scope=forward.convex chain=1 vault=0xc52d44abA4B7739173821afF175aEb53367E629E strategy=0x1161B0bA29a88F014f1c8C1aC94498926283aAE0 step=result.cvxAPRWithDebtRatio value=0.2136776843780508
2026-01-16T02:25:16.8967367Z APY_TRACE scope=forward.convex chain=1 vault=0xc52d44abA4B7739173821afF175aEb53367E629E strategy=0x1161B0bA29a88F014f1c8C1aC94498926283aAE0 step=result.rewardsAPYWithDebtRatio value=0
2026-01-16T02:25:16.896746719Z APY_TRACE scope=forward.convex chain=1 vault=0xc52d44abA4B7739173821afF175aEb53367E629E strategy=0x1161B0bA29a88F014f1c8C1aC94498926283aAE0 step=result.apyStruct value={convex 0.8 2.7194488800668517e+23 {1.651149399811028 8e-05 84.59616031539613 3.081460269595338 0.2136776843780508 0 <nil> <nil> 0 <nil>}}

-------------------------
0x00e8Eb340f8AF587EEA6200D2081E31dC87285ac = Curve XAI-FRAXBP Factory

2026-01-16T02:25:23.077895672Z APY_TRACE scope=forward.convex chain=1 vault=0x00e8Eb340f8AF587EEA6200D2081E31dC87285ac strategy=0x9C924EE29070964CD7Afde32CD6FDcA620511747 step=input.gaugeAddress value=0xa8Ea11465A1375BF42463C3B613dFC54248b9C7B
2026-01-16T02:25:23.077990611Z APY_TRACE scope=forward.convex chain=1 vault=0x00e8Eb340f8AF587EEA6200D2081E31dC87285ac strategy=0x9C924EE29070964CD7Afde32CD6FDcA620511747 step=input.baseAssetPrice value=0.06417867250402262
2026-01-16T02:25:23.07801657Z APY_TRACE scope=forward.convex chain=1 vault=0x00e8Eb340f8AF587EEA6200D2081E31dC87285ac strategy=0x9C924EE29070964CD7Afde32CD6FDcA620511747 step=input.poolPrice value=1.0080959363340094
2026-01-16T02:25:23.07803256Z APY_TRACE scope=forward.convex chain=1 vault=0x00e8Eb340f8AF587EEA6200D2081E31dC87285ac strategy=0x9C924EE29070964CD7Afde32CD6FDcA620511747 step=input.baseAPY value=0.2975187046483139
2026-01-16T02:25:23.078046937Z APY_TRACE scope=forward.convex chain=1 vault=0x00e8Eb340f8AF587EEA6200D2081E31dC87285ac strategy=0x9C924EE29070964CD7Afde32CD6FDcA620511747 step=input.rewardAPY value=0
2026-01-16T02:25:23.078058428Z APY_TRACE scope=forward.convex chain=1 vault=0x00e8Eb340f8AF587EEA6200D2081E31dC87285ac strategy=0x9C924EE29070964CD7Afde32CD6FDcA620511747 step=input.poolWeeklyAPY value=0.0002
2026-01-16T02:25:23.133872385Z APY_TRACE scope=forward.convex chain=1 vault=0x00e8Eb340f8AF587EEA6200D2081E31dC87285ac strategy=0x9C924EE29070964CD7Afde32CD6FDcA620511747 step=cvxBoost value=2.5
2026-01-16T02:25:23.133955291Z APY_TRACE scope=forward.convex chain=1 vault=0x00e8Eb340f8AF587EEA6200D2081E31dC87285ac strategy=0x9C924EE29070964CD7Afde32CD6FDcA620511747 step=keepCrv value=0
2026-01-16T02:25:23.133985658Z APY_TRACE scope=forward.convex chain=1 vault=0x00e8Eb340f8AF587EEA6200D2081E31dC87285ac strategy=0x9C924EE29070964CD7Afde32CD6FDcA620511747 step=debtRatio value=0.8
2026-01-16T02:25:23.134001077Z APY_TRACE scope=forward.convex chain=1 vault=0x00e8Eb340f8AF587EEA6200D2081E31dC87285ac strategy=0x9C924EE29070964CD7Afde32CD6FDcA620511747 step=vaultPerformanceFee value=0.1
2026-01-16T02:25:23.134017308Z APY_TRACE scope=forward.convex chain=1 vault=0x00e8Eb340f8AF587EEA6200D2081E31dC87285ac strategy=0x9C924EE29070964CD7Afde32CD6FDcA620511747 step=vaultManagementFee value=0
2026-01-16T02:25:23.134032877Z APY_TRACE scope=forward.convex chain=1 vault=0x00e8Eb340f8AF587EEA6200D2081E31dC87285ac strategy=0x9C924EE29070964CD7Afde32CD6FDcA620511747 step=oneMinusPerfFee value=0.9
2026-01-16T02:25:23.134045591Z APY_TRACE scope=forward.convex.cvxPool chain=1 vault=0x00e8Eb340f8AF587EEA6200D2081E31dC87285ac strategy=0x9C924EE29070964CD7Afde32CD6FDcA620511747 step=input.virtualPoolPrice value=0.06417867250402262
2026-01-16T02:25:23.210495494Z APY_TRACE scope=forward.convex.cvxPool chain=1 vault=0x00e8Eb340f8AF587EEA6200D2081E31dC87285ac strategy=0x9C924EE29070964CD7Afde32CD6FDcA620511747 step=fraxBaseStrategy.userVault value=0x9628d5f254B010C0122440F282E1fB6b0f25239c
2026-01-16T02:25:23.264065383Z APY_TRACE scope=forward.convex.cvxPool chain=1 vault=0x00e8Eb340f8AF587EEA6200D2081E31dC87285ac strategy=0x9C924EE29070964CD7Afde32CD6FDcA620511747 step=userVault.stakingToken value=0x19f0a60f4635d3E2c48647822Eda5332BA094fd3
2026-01-16T02:25:23.303950768Z APY_TRACE scope=forward.convex.cvxPool chain=1 vault=0x00e8Eb340f8AF587EEA6200D2081E31dC87285ac strategy=0x9C924EE29070964CD7Afde32CD6FDcA620511747 step=stakingToken.cvxPoolId value=129
2026-01-16T02:25:23.304167456Z APY_TRACE scope=forward.convex.cvxPool chain=1 vault=0x00e8Eb340f8AF587EEA6200D2081E31dC87285ac strategy=0x9C924EE29070964CD7Afde32CD6FDcA620511747 step=rewardPID value=129
2026-01-16T02:25:23.34654532Z APY_TRACE scope=forward.convex.cvxPool chain=1 vault=0x00e8Eb340f8AF587EEA6200D2081E31dC87285ac strategy=0x9C924EE29070964CD7Afde32CD6FDcA620511747 step=poolInfo.crvRewards value=0x4a866fE20A442Dff55FAA010684A5C1379151458
2026-01-16T02:25:23.400397714Z APY_TRACE scope=forward.convex.cvxPool chain=1 vault=0x00e8Eb340f8AF587EEA6200D2081E31dC87285ac strategy=0x9C924EE29070964CD7Afde32CD6FDcA620511747 step=rewardRateRaw value=36068329259793
2026-01-16T02:25:23.400500387Z APY_TRACE scope=forward.convex.cvxPool chain=1 vault=0x00e8Eb340f8AF587EEA6200D2081E31dC87285ac strategy=0x9C924EE29070964CD7Afde32CD6FDcA620511747 step=totalSupplyRaw value=822828886434854500906
2026-01-16T02:25:23.400534722Z APY_TRACE scope=forward.convex.cvxPool chain=1 vault=0x00e8Eb340f8AF587EEA6200D2081E31dC87285ac strategy=0x9C924EE29070964CD7Afde32CD6FDcA620511747 step=rewardRate value=3.6068329259793e-05
2026-01-16T02:25:23.400559899Z APY_TRACE scope=forward.convex.cvxPool chain=1 vault=0x00e8Eb340f8AF587EEA6200D2081E31dC87285ac strategy=0x9C924EE29070964CD7Afde32CD6FDcA620511747 step=totalSupply value=822.8288864348544
2026-01-16T02:25:23.400577222Z APY_TRACE scope=forward.convex.cvxPool chain=1 vault=0x00e8Eb340f8AF587EEA6200D2081E31dC87285ac strategy=0x9C924EE29070964CD7Afde32CD6FDcA620511747 step=virtualSupply value=52.80806562935214
2026-01-16T02:25:23.400590818Z APY_TRACE scope=forward.convex.cvxPool chain=1 vault=0x00e8Eb340f8AF587EEA6200D2081E31dC87285ac strategy=0x9C924EE29070964CD7Afde32CD6FDcA620511747 step=crvPerUnderlying value=6.830079615668645e-07
2026-01-16T02:25:23.400607289Z APY_TRACE scope=forward.convex.cvxPool chain=1 vault=0x00e8Eb340f8AF587EEA6200D2081E31dC87285ac strategy=0x9C924EE29070964CD7Afde32CD6FDcA620511747 step=crvPerUnderlyingPerYear value=21.539339075972638
2026-01-16T02:25:23.444294752Z APY_TRACE scope=forward.convex.cvxPool chain=1 vault=0x00e8Eb340f8AF587EEA6200D2081E31dC87285ac strategy=0x9C924EE29070964CD7Afde32CD6FDcA620511747 step=cvxPerYear value=0.011670161974476423
2026-01-16T02:25:23.44442653Z APY_TRACE scope=forward.convex.cvxPool chain=1 vault=0x00e8Eb340f8AF587EEA6200D2081E31dC87285ac strategy=0x9C924EE29070964CD7Afde32CD6FDcA620511747 step=crvPrice value=0.433265
2026-01-16T02:25:23.444456065Z APY_TRACE scope=forward.convex.cvxPool chain=1 vault=0x00e8Eb340f8AF587EEA6200D2081E31dC87285ac strategy=0x9C924EE29070964CD7Afde32CD6FDcA620511747 step=cvxPrice value=2.019843
2026-01-16T02:25:23.444473959Z APY_TRACE scope=forward.convex.cvxPool chain=1 vault=0x00e8Eb340f8AF587EEA6200D2081E31dC87285ac strategy=0x9C924EE29070964CD7Afde32CD6FDcA620511747 step=crvAPR value=9.332241744751284
2026-01-16T02:25:23.444487825Z APY_TRACE scope=forward.convex.cvxPool chain=1 vault=0x00e8Eb340f8AF587EEA6200D2081E31dC87285ac strategy=0x9C924EE29070964CD7Afde32CD6FDcA620511747 step=cvxAPR value=0.02357189497301238
2026-01-16T02:25:23.444502864Z APY_TRACE scope=forward.convex.cvxPool chain=1 vault=0x00e8Eb340f8AF587EEA6200D2081E31dC87285ac strategy=0x9C924EE29070964CD7Afde32CD6FDcA620511747 step=crvAPRFloat64 value=9.332241744751284
2026-01-16T02:25:23.444515477Z APY_TRACE scope=forward.convex.cvxPool chain=1 vault=0x00e8Eb340f8AF587EEA6200D2081E31dC87285ac strategy=0x9C924EE29070964CD7Afde32CD6FDcA620511747 step=cvxAPRFloat64 value=0.02357189497301238
2026-01-16T02:25:23.444525817Z APY_TRACE scope=forward.convex.cvxPool chain=1 vault=0x00e8Eb340f8AF587EEA6200D2081E31dC87285ac strategy=0x9C924EE29070964CD7Afde32CD6FDcA620511747 step=crvAPY value=9.332241744751284
2026-01-16T02:25:23.444562326Z APY_TRACE scope=forward.convex.cvxPool chain=1 vault=0x00e8Eb340f8AF587EEA6200D2081E31dC87285ac strategy=0x9C924EE29070964CD7Afde32CD6FDcA620511747 step=cvxAPY value=0.02357189497301238
2026-01-16T02:25:23.444572565Z APY_TRACE scope=forward.convex.cvxPool chain=1 vault=0x00e8Eb340f8AF587EEA6200D2081E31dC87285ac strategy=0x9C924EE29070964CD7Afde32CD6FDcA620511747 step=result.crvAPR value=9.332241744751284
2026-01-16T02:25:23.444583465Z APY_TRACE scope=forward.convex.cvxPool chain=1 vault=0x00e8Eb340f8AF587EEA6200D2081E31dC87285ac strategy=0x9C924EE29070964CD7Afde32CD6FDcA620511747 step=result.cvxAPR value=0.02357189497301238
2026-01-16T02:25:23.444598604Z APY_TRACE scope=forward.convex.cvxPool chain=1 vault=0x00e8Eb340f8AF587EEA6200D2081E31dC87285ac strategy=0x9C924EE29070964CD7Afde32CD6FDcA620511747 step=result.crvAPY value=9.332241744751284
2026-01-16T02:25:23.444611548Z APY_TRACE scope=forward.convex.cvxPool chain=1 vault=0x00e8Eb340f8AF587EEA6200D2081E31dC87285ac strategy=0x9C924EE29070964CD7Afde32CD6FDcA620511747 step=result.cvxAPY value=0.02357189497301238
2026-01-16T02:25:23.444624362Z APY_TRACE scope=forward.convex chain=1 vault=0x00e8Eb340f8AF587EEA6200D2081E31dC87285ac strategy=0x9C924EE29070964CD7Afde32CD6FDcA620511747 step=crvAPR value=9.332241744751284
2026-01-16T02:25:23.444636125Z APY_TRACE scope=forward.convex chain=1 vault=0x00e8Eb340f8AF587EEA6200D2081E31dC87285ac strategy=0x9C924EE29070964CD7Afde32CD6FDcA620511747 step=cvxAPR value=0.02357189497301238
2026-01-16T02:25:23.444647005Z APY_TRACE scope=forward.convex chain=1 vault=0x00e8Eb340f8AF587EEA6200D2081E31dC87285ac strategy=0x9C924EE29070964CD7Afde32CD6FDcA620511747 step=crvAPY value=9.332241744751284
2026-01-16T02:25:23.444658637Z APY_TRACE scope=forward.convex chain=1 vault=0x00e8Eb340f8AF587EEA6200D2081E31dC87285ac strategy=0x9C924EE29070964CD7Afde32CD6FDcA620511747 step=cvxAPY value=0.02357189497301238
2026-01-16T02:25:23.700515339Z APY_TRACE scope=forward.convex chain=1 vault=0x00e8Eb340f8AF587EEA6200D2081E31dC87285ac strategy=0x9C924EE29070964CD7Afde32CD6FDcA620511747 step=rewardsAPY value=0
2026-01-16T02:25:23.700671944Z APY_TRACE scope=forward.convex chain=1 vault=0x00e8Eb340f8AF587EEA6200D2081E31dC87285ac strategy=0x9C924EE29070964CD7Afde32CD6FDcA620511747 step=keepCRVRatio value=1
2026-01-16T02:25:23.70071208Z APY_TRACE scope=forward.convex chain=1 vault=0x00e8Eb340f8AF587EEA6200D2081E31dC87285ac strategy=0x9C924EE29070964CD7Afde32CD6FDcA620511747 step=grossAPY.afterKeepCRV value=9.332241744751284
2026-01-16T02:25:23.700769448Z APY_TRACE scope=forward.convex chain=1 vault=0x00e8Eb340f8AF587EEA6200D2081E31dC87285ac strategy=0x9C924EE29070964CD7Afde32CD6FDcA620511747 step=grossAPY.afterRewards value=9.332241744751284
2026-01-16T02:25:23.700793964Z APY_TRACE scope=forward.convex chain=1 vault=0x00e8Eb340f8AF587EEA6200D2081E31dC87285ac strategy=0x9C924EE29070964CD7Afde32CD6FDcA620511747 step=grossAPY.afterCvx value=9.355813639724296
2026-01-16T02:25:23.700817408Z APY_TRACE scope=forward.convex chain=1 vault=0x00e8Eb340f8AF587EEA6200D2081E31dC87285ac strategy=0x9C924EE29070964CD7Afde32CD6FDcA620511747 step=netAPY.preMgmt value=8.420232275751866
2026-01-16T02:25:23.700842045Z APY_TRACE scope=forward.convex chain=1 vault=0x00e8Eb340f8AF587EEA6200D2081E31dC87285ac strategy=0x9C924EE29070964CD7Afde32CD6FDcA620511747 step=netAPY.postMgmt value=8.420232275751866
2026-01-16T02:25:23.700880708Z APY_TRACE scope=forward.convex chain=1 vault=0x00e8Eb340f8AF587EEA6200D2081E31dC87285ac strategy=0x9C924EE29070964CD7Afde32CD6FDcA620511747 step=netAPY.netAPRFloat64 value=8.420232275751866
2026-01-16T02:25:23.700932595Z APY_TRACE scope=forward.convex chain=1 vault=0x00e8Eb340f8AF587EEA6200D2081E31dC87285ac strategy=0x9C924EE29070964CD7Afde32CD6FDcA620511747 step=netAPY.compounded value=2449.814481037776
2026-01-16T02:25:23.700965367Z APY_TRACE scope=forward.convex chain=1 vault=0x00e8Eb340f8AF587EEA6200D2081E31dC87285ac strategy=0x9C924EE29070964CD7Afde32CD6FDcA620511747 step=netAPY.withPool value=2449.814681037776
2026-01-16T02:25:23.701058132Z APY_TRACE scope=forward.convex chain=1 vault=0x00e8Eb340f8AF587EEA6200D2081E31dC87285ac strategy=0x9C924EE29070964CD7Afde32CD6FDcA620511747 step=result.netAPY value=2449.814681037776
2026-01-16T02:25:23.701077839Z APY_TRACE scope=forward.convex chain=1 vault=0x00e8Eb340f8AF587EEA6200D2081E31dC87285ac strategy=0x9C924EE29070964CD7Afde32CD6FDcA620511747 step=result.netAPYWithDebtRatio value=1959.851744830221
2026-01-16T02:25:23.701096394Z APY_TRACE scope=forward.convex chain=1 vault=0x00e8Eb340f8AF587EEA6200D2081E31dC87285ac strategy=0x9C924EE29070964CD7Afde32CD6FDcA620511747 step=result.boostWithDebtRatio value=2
2026-01-16T02:25:23.701109989Z APY_TRACE scope=forward.convex chain=1 vault=0x00e8Eb340f8AF587EEA6200D2081E31dC87285ac strategy=0x9C924EE29070964CD7Afde32CD6FDcA620511747 step=result.poolAPYWithDebtRatio value=0.00016
2026-01-16T02:25:23.701128254Z APY_TRACE scope=forward.convex chain=1 vault=0x00e8Eb340f8AF587EEA6200D2081E31dC87285ac strategy=0x9C924EE29070964CD7Afde32CD6FDcA620511747 step=result.boostedAPRWithDebtRatio value=7.465793395801028
2026-01-16T02:25:23.701141389Z APY_TRACE scope=forward.convex chain=1 vault=0x00e8Eb340f8AF587EEA6200D2081E31dC87285ac strategy=0x9C924EE29070964CD7Afde32CD6FDcA620511747 step=result.baseAPRWithDebtRatio value=0.23801496371865116
2026-01-16T02:25:23.701155295Z APY_TRACE scope=forward.convex chain=1 vault=0x00e8Eb340f8AF587EEA6200D2081E31dC87285ac strategy=0x9C924EE29070964CD7Afde32CD6FDcA620511747 step=result.cvxAPRWithDebtRatio value=0.018857515978409903
2026-01-16T02:25:23.701172918Z APY_TRACE scope=forward.convex chain=1 vault=0x00e8Eb340f8AF587EEA6200D2081E31dC87285ac strategy=0x9C924EE29070964CD7Afde32CD6FDcA620511747 step=result.rewardsAPYWithDebtRatio value=0
2026-01-16T02:25:23.701183748Z APY_TRACE scope=forward.convex chain=1 vault=0x00e8Eb340f8AF587EEA6200D2081E31dC87285ac strategy=0x9C924EE29070964CD7Afde32CD6FDcA620511747 step=result.apyStruct value={convex 0.8 1959.851744830221 {2 0.00016 7.465793395801028 0.23801496371865116 0.018857515978409903 0 <nil> <nil> 0 <nil>}}
